Sun Aug 12 20:11:20 CST 2018  [debug] AvalonLogSystem initialized using logfile 'C:\Users\31486\Workspaces\MyEclipse CI\.metadata\.plugins\com.genuitec.eclipse.templates\velocity.log'
Sun Aug 12 20:11:20 CST 2018   [info] ************************************************************** 
Sun Aug 12 20:11:20 CST 2018   [info] Starting Jakarta Velocity v1.4
Sun Aug 12 20:11:20 CST 2018   [info] RuntimeInstance initializing.
Sun Aug 12 20:11:20 CST 2018   [info] Default Properties File: org\apache\velocity\runtime\defaults\velocity.properties
Sun Aug 12 20:11:20 CST 2018   [info] Trying to use logger class org.apache.velocity.runtime.log.AvalonLogSystem
Sun Aug 12 20:11:20 CST 2018   [info] Using logger class org.apache.velocity.runtime.log.AvalonLogSystem
Sun Aug 12 20:11:20 CST 2018   [info] Default ResourceManager initializing. (class org.apache.velocity.runtime.resource.ResourceManagerImpl)
Sun Aug 12 20:11:20 CST 2018   [info] Resource Loader Instantiated: com.genuitec.eclipse.templates.internal.PluginResourceLoader
Sun Aug 12 20:11:20 CST 2018   [info] ResourceCache : initialized. (class org.apache.velocity.runtime.resource.ResourceCacheImpl)
Sun Aug 12 20:11:20 CST 2018   [info] Default ResourceManager initialization complete.
Sun Aug 12 20:11:20 CST 2018   [info] Loaded System Directive: org.apache.velocity.runtime.directive.Literal
Sun Aug 12 20:11:20 CST 2018   [info] Loaded System Directive: org.apache.velocity.runtime.directive.Macro
Sun Aug 12 20:11:20 CST 2018   [info] Loaded System Directive: org.apache.velocity.runtime.directive.Parse
Sun Aug 12 20:11:20 CST 2018   [info] Loaded System Directive: org.apache.velocity.runtime.directive.Include
Sun Aug 12 20:11:20 CST 2018   [info] Loaded System Directive: org.apache.velocity.runtime.directive.Foreach
Sun Aug 12 20:11:20 CST 2018   [info] Created: 20 parsers.
Sun Aug 12 20:11:20 CST 2018   [info] Velocimacro : initialization starting.
Sun Aug 12 20:11:20 CST 2018   [info] Velocimacro : adding VMs from VM library template : VM_global_library.vm
Sun Aug 12 20:11:20 CST 2018   [info] ResourceManager : found VM_global_library.vm with loader com.genuitec.eclipse.templates.internal.PluginResourceLoader
Sun Aug 12 20:11:20 CST 2018   [info] Velocimacro :  VM library template macro registration complete.
Sun Aug 12 20:11:20 CST 2018   [info] Velocimacro : allowInline = true : VMs can be defined inline in templates
Sun Aug 12 20:11:20 CST 2018   [info] Velocimacro : allowInlineToOverride = true : VMs defined inline may replace previous VM definitions
Sun Aug 12 20:11:20 CST 2018   [info] Velocimacro : allowInlineLocal = true : VMs defined inline will be local to their defining template only.
Sun Aug 12 20:11:20 CST 2018   [info] Velocimacro : messages on  : VM system will output logging messages
Sun Aug 12 20:11:20 CST 2018   [info] Velocimacro : autoload off  : VM system will not automatically reload global library macros
Sun Aug 12 20:11:20 CST 2018   [info] Velocimacro : initialization complete.
Sun Aug 12 20:11:20 CST 2018   [info] Velocity successfully started.
Sun Aug 12 20:11:20 CST 2018   [info] ResourceManager : found /templates/velocity/welcome/Jsp.vtl with loader com.genuitec.eclipse.templates.internal.PluginResourceLoader
Sun Aug 12 21:19:11 CST 2018   [info] ResourceManager : found /templates/websphere/bnd/web.vtl with loader com.genuitec.eclipse.templates.internal.PluginResourceLoader
Sun Aug 12 21:19:53 CST 2018   [info] ResourceManager : found /templates/websphere/wasd-generic.vtl with loader com.genuitec.eclipse.templates.internal.PluginResourceLoader
Sun Aug 12 23:17:50 CST 2018   [info] ResourceManager : found templates/jsp/Jsp.vtl with loader com.genuitec.eclipse.templates.internal.PluginResourceLoader
Sun Aug 12 23:17:50 CST 2018   [info] ResourceManager : found templates/jsp/JSPMetaTags.vtl with loader com.genuitec.eclipse.templates.internal.PluginResourceLoader
